<!DOCTYPE HTML PUBLIC "-//W3C//DTD HTML 3.2//EN">
<HTML>
 <HEAD>
   <TITLE> [mod_python] mod_python redhat installation
   </TITLE>
   <LINK REL="Index" HREF="index.html" >
   <LINK REL="made" HREF="mailto:mod_python%40modpython.org?Subject=%5Bmod_python%5D%20mod_python%20redhat%20installation&In-Reply-To=">
   <META NAME="robots" CONTENT="index,nofollow">
   <META http-equiv="Content-Type" content="text/html; charset=us-ascii">
   <LINK REL="Previous"  HREF="025829.html">
   <LINK REL="Next"  HREF="025837.html">
 </HEAD>
 <BODY BGCOLOR="#ffffff">
   <H1>[mod_python] mod_python redhat installation</H1>
<table border=0 width="100%"><tr><td valign="top">
    <B>Reuben A Christie</B> 
    <A HREF="mailto:mod_python%40modpython.org?Subject=%5Bmod_python%5D%20mod_python%20redhat%20installation&In-Reply-To="
       TITLE="[mod_python] mod_python redhat installation">christie at knewco.com
       </A><BR>
    <I>Mon Dec  8 11:15:58 EST 2008</I>
    <P><UL>
        <LI>Previous message: <A HREF="025829.html">[mod_python] Intermittent stops
</A></li>
        <LI>Next message: <A HREF="025837.html">[mod_python] mod_python redhat installation
</A></li>
         <LI> <B>Messages sorted by:</B> 
              <a href="date.html#25835">[ date ]</a>
              <a href="thread.html#25835">[ thread ]</a>
              <a href="subject.html#25835">[ subject ]</a>
              <a href="author.html#25835">[ author ]</a>
         </LI>
       </UL>
    <HR>  
<!--beginarticle-->
<PRE>Hi,
I have been trying to install mod_python on redhat using yum and it 
seems that there is no 3.3.1 version available as of now. when I try to 
compile it myself from source, i get big error stack when trying to do 
make.  these are the last few lines of the error stack. can somebody 
help please.

/var/www/html/mod_python-3.3.1/src/include/mod_python.h:215: error: 
declaration for parameter 'apr_OFN_mp_release_interpreter_t' but no such 
parameter
/var/www/html/mod_python-3.3.1/src/include/mod_python.h:210: error: 
declaration for parameter 'python_cleanup' but no such parameter
/var/www/html/mod_python-3.3.1/src/include/mod_python.h:208: error: 
declaration for parameter 'py_handler' but no such parameter
/var/www/html/mod_python-3.3.1/src/include/mod_python.h:193: error: 
declaration for parameter 'python_filter_ctx' but no such parameter
/var/www/html/mod_python-3.3.1/src/include/mod_python.h:186: error: 
declaration for parameter 'py_req_config' but no such parameter
/var/www/html/mod_python-3.3.1/src/include/mod_python.h:173: error: 
declaration for parameter 'cleanup_info' but no such parameter
/var/www/html/mod_python-3.3.1/src/include/mod_python.h:163: error: 
declaration for parameter 'py_config' but no such parameter
/var/www/html/mod_python-3.3.1/src/include/mod_python.h:151: error: 
declaration for parameter 'py_global_config' but no such parameter
/var/www/html/mod_python-3.3.1/src/include/mod_python.h:143: error: 
declaration for parameter 'interpreterdata' but no such parameter
/var/www/html/mod_python-3.3.1/src/include/finfoobject.h:35: error: 
declaration for parameter 'finfoobject' but no such parameter
/var/www/html/mod_python-3.3.1/src/include/_pspmodule.h:23: error: 
declaration for parameter 'init_psp' but no such parameter
/var/www/html/mod_python-3.3.1/src/include/filterobject.h:57: error: 
declaration for parameter 'filterobject' but no such parameter
/var/www/html/mod_python-3.3.1/src/include/requestobject.h:53: error: 
declaration for parameter 'requestobject' but no such parameter
/var/www/html/mod_python-3.3.1/src/include/connobject.h:47: error: 
declaration for parameter 'connobject' but no such parameter
/var/www/html/mod_python-3.3.1/src/include/serverobject.h:36: error: 
declaration for parameter 'serverobject' but no such parameter
/var/www/html/mod_python-3.3.1/src/include/tableobject.h:40: error: 
declaration for parameter 'tableobject' but no such parameter
mod_python.c:3073: error: expected '{' at end of input
apxs:Error: Command failed with rc=65536
.
make[1]: *** [mod_python.so] Error 1
make[1]: Leaving directory `/var/www/html/mod_python-3.3.1/src'
make: *** [do_dso] Error 2

-------------- next part --------------
A non-text attachment was scrubbed...
Name: smime.p7s
Type: application/x-pkcs7-signature
Size: 3316 bytes
Desc: S/MIME Cryptographic Signature
Url : <A HREF="http://mm_cfg_has_not_been_edited_to_set_host_domains/pipermail/mod_python/attachments/20081208/1db0876c/smime.bin">http://mm_cfg_has_not_been_edited_to_set_host_domains/pipermail/mod_python/attachments/20081208/1db0876c/smime.bin</A>
</PRE>



<!--endarticle-->
    <HR>
    <P><UL>
        <!--threads-->
	<LI>Previous message: <A HREF="025829.html">[mod_python] Intermittent stops
</A></li>
	<LI>Next message: <A HREF="025837.html">[mod_python] mod_python redhat installation
</A></li>
         <LI> <B>Messages sorted by:</B> 
              <a href="date.html#25835">[ date ]</a>
              <a href="thread.html#25835">[ thread ]</a>
              <a href="subject.html#25835">[ subject ]</a>
              <a href="author.html#25835">[ author ]</a>
         </LI>
       </UL>

</td>
<td align="right" valign="top">
<script>
  (function(i,s,o,g,r,a,m){i['GoogleAnalyticsObject']=r;i[r]=i[r]||function(){
  (i[r].q=i[r].q||[]).push(arguments)},i[r].l=1*new Date();a=s.createElement(o),
  m=s.getElementsByTagName(o)[0];a.async=1;a.src=g;m.parentNode.insertBefore(a,m)
  })(window,document,'script','//www.google-analytics.com/analytics.js','ga');
  ga('create', 'UA-42971867-2', 'modpython.org');
  ga('send', 'pageview');
</script>

</td>
</table>

<hr>
<a href="http://mailman.modpython.org/mailman/listinfo/mod_python">More information about the Mod_python
mailing list</a><br>
</body></html>
