<!DOCTYPE HTML PUBLIC "-//W3C//DTD HTML 3.2//EN">
<HTML>
 <HEAD>
   <TITLE> [mod_python] make problem
   </TITLE>
   <LINK REL="Index" HREF="index.html" >
   <LINK REL="made" HREF="mailto:mod_python%40modpython.org?Subject=%5Bmod_python%5D%20make%20problem&In-Reply-To=db1115e0904202301y4b706df6xb1b3ff9327136b26%40mail.gmail.com">
   <META NAME="robots" CONTENT="index,nofollow">
   <META http-equiv="Content-Type" content="text/html; charset=us-ascii">
   <LINK REL="Previous"  HREF="026186.html">
   <LINK REL="Next"  HREF="026188.html">
 </HEAD>
 <BODY BGCOLOR="#ffffff">
   <H1>[mod_python] make problem</H1>
<table border=0 width="100%"><tr><td valign="top">
    <B>Graham Dumpleton</B> 
    <A HREF="mailto:mod_python%40modpython.org?Subject=%5Bmod_python%5D%20make%20problem&In-Reply-To=db1115e0904202301y4b706df6xb1b3ff9327136b26%40mail.gmail.com"
       TITLE="[mod_python] make problem">graham.dumpleton at gmail.com
       </A><BR>
    <I>Tue Apr 21 02:18:28 EDT 2009</I>
    <P><UL>
        <LI>Previous message: <A HREF="026186.html">[mod_python] make problem
</A></li>
        <LI>Next message: <A HREF="026188.html">[mod_python] make problem
</A></li>
         <LI> <B>Messages sorted by:</B> 
              <a href="date.html#26187">[ date ]</a>
              <a href="thread.html#26187">[ thread ]</a>
              <a href="subject.html#26187">[ subject ]</a>
              <a href="author.html#26187">[ author ]</a>
         </LI>
       </UL>
    <HR>  
<!--beginarticle-->
<PRE>You most likely do not have headers file installed for Apache, Apache
Portable Runtime library, or Python itself.

What is in:

  /usr/local/psa/admin/include
  /usr/local/include/python2.5

Even if they have Apache and Python header files, the Apache Portable
Runtime library header files may not be in the first one and you need
to work out where they are and ensure -I is listed in Makefile for
them, since it seems that your 'apxs' program isn't reporting their
location properly.

What weird version of Apache is this anyway? And on what operating system?

Graham

2009/4/21 online service &lt;<A HREF="http://mailman.modpython.org/mailman/listinfo/mod_python">online.service.com at gmail.com</A>&gt;:
&gt;<i>
</I>&gt;<i>
</I>&gt;<i> On Mon, Apr 20, 2009 at 10:59 PM, online service
</I>&gt;<i> &lt;<A HREF="http://mailman.modpython.org/mailman/listinfo/mod_python">online.service.com at gmail.com</A>&gt; wrote:
</I>&gt;&gt;<i>
</I>&gt;&gt;<i> ------------------------------
</I>&gt;&gt;<i>
</I>&gt;&gt;<i> ---------------------------------------------------------------------------------------------------
</I>&gt;&gt;<i> ex_t'
</I>&gt;&gt;<i> /root/downloads/mod_python-3.3.1/src/include/mod_python.h:157: error:
</I>&gt;&gt;<i> expected specifier-qualifier-list before 'apr_table_t'
</I>&gt;&gt;<i> /root/downloads/mod_python-3.3.1/src/include/mod_python.h:179: error:
</I>&gt;&gt;<i> expected specifier-qualifier-list before 'apr_hash_t'
</I>&gt;&gt;<i> /root/downloads/mod_python-3.3.1/src/include/mod_python.h:210: error:
</I>&gt;&gt;<i> expected '=', ',', ';', 'asm' or '__attribute__' before 'python_cleanup'
</I>&gt;&gt;<i> /root/downloads/mod_python-3.3.1/src/include/mod_python.h:214: error:
</I>&gt;&gt;<i> expected declaration specifiers or '...' before 'mp_acquire_interpreter'
</I>&gt;&gt;<i> /root/downloads/mod_python-3.3.1/src/include/mod_python.h:214: error:
</I>&gt;&gt;<i> expected declaration specifiers or '...' before '(' token
</I>&gt;&gt;<i> /root/downloads/mod_python-3.3.1/src/include/mod_python.h:214: warning:
</I>&gt;&gt;<i> data definition has no type or storage class
</I>&gt;&gt;<i> /root/downloads/mod_python-3.3.1/src/include/mod_python.h:214: warning:
</I>&gt;&gt;<i> type defaults to 'int' in declaration of 'APR_DECLARE_OPTIONAL_FN'
</I>&gt;&gt;<i> /root/downloads/mod_python-3.3.1/src/include/mod_python.h:215: error:
</I>&gt;&gt;<i> expected declaration specifiers or '...' before 'mp_release_interpreter'
</I>&gt;&gt;<i> /root/downloads/mod_python-3.3.1/src/include/mod_python.h:215: error:
</I>&gt;&gt;<i> expected declaration specifiers or '...' before '(' token
</I>&gt;&gt;<i> /root/downloads/mod_python-3.3.1/src/include/mod_python.h:215: warning:
</I>&gt;&gt;<i> data definition has no type or storage class
</I>&gt;&gt;<i> /root/downloads/mod_python-3.3.1/src/include/mod_python.h:215: warning:
</I>&gt;&gt;<i> type defaults to 'int' in declaration of 'APR_DECLARE_OPTIONAL_FN'
</I>&gt;&gt;<i> /root/downloads/mod_python-3.3.1/src/include/mod_python.h:215: error:
</I>&gt;&gt;<i> conflicting types for 'APR_DECLARE_OPTIONAL_FN'
</I>&gt;&gt;<i> /root/downloads/mod_python-3.3.1/src/include/mod_python.h:214: error:
</I>&gt;&gt;<i> previous declaration of 'APR_DECLARE_OPTIONAL_FN' was here
</I>&gt;&gt;<i> /root/downloads/mod_python-3.3.1/src/include/mod_python.h:216: error:
</I>&gt;&gt;<i> expected declaration specifiers or '...' before 'mp_get_request_object'
</I>&gt;&gt;<i> /root/downloads/mod_python-3.3.1/src/include/mod_python.h:216: error:
</I>&gt;&gt;<i> expected declaration specifiers or '...' before '(' token
</I>&gt;&gt;<i> /root/downloads/mod_python-3.3.1/src/include/mod_python.h:216: warning:
</I>&gt;&gt;<i> data definition has no type or storage class
</I>&gt;&gt;<i> /root/downloads/mod_python-3.3.1/src/include/mod_python.h:216: warning:
</I>&gt;&gt;<i> type defaults to 'int' in declaration of 'APR_DECLARE_OPTIONAL_FN'
</I>&gt;&gt;<i> /root/downloads/mod_python-3.3.1/src/include/mod_python.h:216: error:
</I>&gt;&gt;<i> conflicting types for 'APR_DECLARE_OPTIONAL_FN'
</I>&gt;&gt;<i> /root/downloads/mod_python-3.3.1/src/include/mod_python.h:214: error:
</I>&gt;&gt;<i> previous declaration of 'APR_DECLARE_OPTIONAL_FN' was here
</I>&gt;&gt;<i> /root/downloads/mod_python-3.3.1/src/include/mod_python.h:217: error:
</I>&gt;&gt;<i> expected declaration specifiers or '...' before 'mp_get_server_object'
</I>&gt;&gt;<i> /root/downloads/mod_python-3.3.1/src/include/mod_python.h:217: error:
</I>&gt;&gt;<i> expected declaration specifiers or '...' before '(' token
</I>&gt;&gt;<i> /root/downloads/mod_python-3.3.1/src/include/mod_python.h:217: warning:
</I>&gt;&gt;<i> data definition has no type or storage class
</I>&gt;&gt;<i> /root/downloads/mod_python-3.3.1/src/include/mod_python.h:217: warning:
</I>&gt;&gt;<i> type defaults to 'int' in declaration of 'APR_DECLARE_OPTIONAL_FN'
</I>&gt;&gt;<i> /root/downloads/mod_python-3.3.1/src/include/mod_python.h:217: error:
</I>&gt;&gt;<i> conflicting types for 'APR_DECLARE_OPTIONAL_FN'
</I>&gt;&gt;<i> /root/downloads/mod_python-3.3.1/src/include/mod_python.h:214: error:
</I>&gt;&gt;<i> previous declaration of 'APR_DECLARE_OPTIONAL_FN' was here
</I>&gt;&gt;<i> /root/downloads/mod_python-3.3.1/src/include/mod_python.h:218: error:
</I>&gt;&gt;<i> expected declaration specifiers or '...' before 'mp_get_connection_object'
</I>&gt;&gt;<i> /root/downloads/mod_python-3.3.1/src/include/mod_python.h:218: error:
</I>&gt;&gt;<i> expected declaration specifiers or '...' before '(' token
</I>&gt;&gt;<i> /root/downloads/mod_python-3.3.1/src/include/mod_python.h:218: warning:
</I>&gt;&gt;<i> data definition has no type or storage class
</I>&gt;&gt;<i> /root/downloads/mod_python-3.3.1/src/include/mod_python.h:218: warning:
</I>&gt;&gt;<i> type defaults to 'int' in declaration of 'APR_DECLARE_OPTIONAL_FN'
</I>&gt;&gt;<i> /root/downloads/mod_python-3.3.1/src/include/mod_python.h:218: error:
</I>&gt;&gt;<i> conflicting types for 'APR_DECLARE_OPTIONAL_FN'
</I>&gt;&gt;<i> /root/downloads/mod_python-3.3.1/src/include/mod_python.h:214: error:
</I>&gt;&gt;<i> previous declaration of 'APR_DECLARE_OPTIONAL_FN' was here
</I>&gt;&gt;<i> mod_python.c:41: error: expected '=', ',', ';', 'asm' or '__attribute__'
</I>&gt;&gt;<i> before '*' token
</I>&gt;&gt;<i> mod_python.c:44: warning: return type defaults to 'int'
</I>&gt;&gt;<i> mod_python.c: In function 'APR_OPTIONAL_FN_TYPE':
</I>&gt;&gt;<i> mod_python.c:44: error: expected declaration specifiers before '*' token
</I>&gt;&gt;<i> mod_python.c:45: error: expected '=', ',', ';', 'asm' or '__attribute__'
</I>&gt;&gt;<i> before '*' token
</I>&gt;&gt;<i> mod_python.c:46: error: expected '=', ',', ';', 'asm' or '__attribute__'
</I>&gt;&gt;<i> before '*' token
</I>&gt;&gt;<i> mod_python.c:55: error: expected '=', ',', ';', 'asm' or '__attribute__'
</I>&gt;&gt;<i> before '{' token
</I>&gt;&gt;<i> mod_python.c:89: error: expected '=', ',', ';', 'asm' or '__attribute__'
</I>&gt;&gt;<i> before '{' token
</I>&gt;&gt;<i> mod_python.c:177: error: expected '=', ',', ';', 'asm' or '__attribute__'
</I>&gt;&gt;<i> before '{' token
</I>&gt;&gt;<i> mod_python.c:200: error: expected '=', ',', ';', 'asm' or '__attribute__'
</I>&gt;&gt;<i> before '{' token
</I>&gt;&gt;<i> mod_python.c:228: error: expected '=', ',', ';', 'asm' or '__attribute__'
</I>&gt;&gt;<i> before '{' token
</I>&gt;&gt;<i> mod_python.c:326: error: expected '=', ',', ';', 'asm' or '__attribute__'
</I>&gt;&gt;<i> before '{' token
</I>&gt;&gt;<i> mod_python.c:346: error: expected declaration specifiers before
</I>&gt;&gt;<i> 'apr_status_t'
</I>&gt;&gt;<i> mod_python.c:419: error: expected '=', ',', ';', 'asm' or '__attribute__'
</I>&gt;&gt;<i> before 'init_mutexes'
</I>&gt;&gt;<i> mod_python.c:573: error: expected '=', ',', ';', 'asm' or '__attribute__'
</I>&gt;&gt;<i> before 'reinit_mutexes'
</I>&gt;&gt;<i> mod_python.c:622: error: expected '=', ',', ';', 'asm' or '__attribute__'
</I>&gt;&gt;<i> before '{' token
</I>&gt;&gt;<i> mod_python.c:651: error: expected '=', ',', ';', 'asm' or '__attribute__'
</I>&gt;&gt;<i> before '{' token
</I>&gt;&gt;<i> mod_python.c:667: error: expected '=', ',', ';', 'asm' or '__attribute__'
</I>&gt;&gt;<i> before '{' token
</I>&gt;&gt;<i> mod_python.c:679: error: expected '=', ',', ';', 'asm' or '__attribute__'
</I>&gt;&gt;<i> before '{' token
</I>&gt;&gt;<i> mod_python.c:695: error: expected '=', ',', ';', 'asm' or '__attribute__'
</I>&gt;&gt;<i> before '{' token
</I>&gt;&gt;<i> mod_python.c:707: error: expected '=', ',', ';', 'asm' or '__attribute__'
</I>&gt;&gt;<i> before '{' token
</I>&gt;&gt;<i>
</I>&gt;&gt;<i> ----------------------------------------------------------------------------------------------------------------------------
</I>&gt;&gt;<i>
</I>&gt;&gt;<i>
</I>&gt;&gt;<i>
</I>&gt;&gt;<i>
</I>&gt;&gt;<i> On Mon, Apr 20, 2009 at 10:01 PM, Graham Dumpleton
</I>&gt;&gt;<i> &lt;<A HREF="http://mailman.modpython.org/mailman/listinfo/mod_python">graham.dumpleton at gmail.com</A>&gt; wrote:
</I>&gt;&gt;&gt;<i>
</I>&gt;&gt;&gt;<i> 2009/4/21 online service &lt;<A HREF="http://mailman.modpython.org/mailman/listinfo/mod_python">online.service.com at gmail.com</A>&gt;:
</I>&gt;&gt;&gt;<i> &gt; I got a make error of long print out.
</I>&gt;&gt;&gt;<i> &gt;
</I>&gt;&gt;&gt;<i> &gt; i am sharing my configure output here:
</I>&gt;&gt;&gt;<i> &gt;
</I>&gt;&gt;&gt;<i> &gt; ./configure command is
</I>&gt;&gt;&gt;<i> &gt;
</I>&gt;&gt;&gt;<i> &gt; ./configure --with-apxs=/usr/local/psa/admin/bin/apxs
</I>&gt;&gt;&gt;<i> &gt;
</I>&gt;&gt;&gt;<i> &gt; I am trying to install mod_python with a preinstalled apache working
</I>&gt;&gt;&gt;<i> &gt; with
</I>&gt;&gt;&gt;<i> &gt; plesk.
</I>&gt;&gt;&gt;<i> &gt;
</I>&gt;&gt;&gt;<i> &gt; checking for gcc... gcc
</I>&gt;&gt;&gt;<i> &gt; checking for C compiler default output file name... a.out
</I>&gt;&gt;&gt;<i> &gt; checking whether the C compiler works... yes
</I>&gt;&gt;&gt;<i> &gt; checking whether we are cross compiling... no
</I>&gt;&gt;&gt;<i> &gt; checking for suffix of executables...
</I>&gt;&gt;&gt;<i> &gt; checking for suffix of object files... o
</I>&gt;&gt;&gt;<i> &gt; checking whether we are using the GNU C compiler... yes
</I>&gt;&gt;&gt;<i> &gt; checking whether gcc accepts -g... yes
</I>&gt;&gt;&gt;<i> &gt; checking for gcc option to accept ANSI C... none needed
</I>&gt;&gt;&gt;<i> &gt; checking for ar... ar
</I>&gt;&gt;&gt;<i> &gt; checking for a BSD-compatible install... /usr/bin/install -c
</I>&gt;&gt;&gt;<i> &gt; checking whether make sets $(MAKE)... yes
</I>&gt;&gt;&gt;<i> &gt; checking for main in -lm... yes
</I>&gt;&gt;&gt;<i> &gt; checking for an ANSI C-conforming const... yes
</I>&gt;&gt;&gt;<i> &gt; checking your blood pressure... a bit high, but we can proceed
</I>&gt;&gt;&gt;<i> &gt; configure: checking whether apxs is available...
</I>&gt;&gt;&gt;<i> &gt; checking for --with-apxs... /usr/local/psa/admin/bin/apxs executable,
</I>&gt;&gt;&gt;<i> &gt; good
</I>&gt;&gt;&gt;<i> &gt; checking Apache version... 2.2.3
</I>&gt;&gt;&gt;<i> &gt; checking for Apache libexec directory... /usr/local/psa/admin/libexec
</I>&gt;&gt;&gt;<i> &gt; checking for Apache include directory... -I/usr/local/psa/admin/include
</I>&gt;&gt;&gt;<i> &gt; checking for --with-python... no
</I>&gt;&gt;&gt;<i> &gt; checking for python... /usr/local/bin/python
</I>&gt;&gt;&gt;<i> &gt; checking Python version... 2.5
</I>&gt;&gt;&gt;<i> &gt; checking Python install prefix... /usr/local
</I>&gt;&gt;&gt;<i> &gt; checking checking where python libraries are installed...
</I>&gt;&gt;&gt;<i> &gt; /usr/local/lib/python2.5
</I>&gt;&gt;&gt;<i> &gt; checking for Py_NewInterpreter in -lpython2.5... yes
</I>&gt;&gt;&gt;<i> &gt; checking what libraries Python was linked with... -lpython2.5 -lpthread
</I>&gt;&gt;&gt;<i> &gt; -ldl
</I>&gt;&gt;&gt;<i> &gt; -lutil -lm
</I>&gt;&gt;&gt;<i> &gt; checking linker flags used to link Python...
</I>&gt;&gt;&gt;<i> &gt; checking where Python include files are...
</I>&gt;&gt;&gt;<i> &gt; -I/usr/local/include/python2.5
</I>&gt;&gt;&gt;<i> &gt; checking for --with-python-src... no
</I>&gt;&gt;&gt;<i> &gt; checking for --with-mutex-dir... no
</I>&gt;&gt;&gt;<i> &gt; Using MUTEX_DIR /tmp
</I>&gt;&gt;&gt;<i> &gt; checking for --with-max-locks... no
</I>&gt;&gt;&gt;<i> &gt; Using 8 MAX_LOCKS.
</I>&gt;&gt;&gt;<i> &gt; checking for --with-flex... no
</I>&gt;&gt;&gt;<i> &gt; checking for flex... no
</I>&gt;&gt;&gt;<i> &gt; configure: creating ./config.status
</I>&gt;&gt;&gt;<i> &gt; config.status: creating Makefile
</I>&gt;&gt;&gt;<i> &gt; config.status: creating src/Makefile
</I>&gt;&gt;&gt;<i> &gt; config.status: creating Doc/Makefile
</I>&gt;&gt;&gt;<i> &gt; config.status: creating src/include/mod_python.h
</I>&gt;&gt;&gt;<i> &gt; config.status: creating test/Makefile
</I>&gt;&gt;&gt;<i> &gt; config.status: creating test/testconf.py
</I>&gt;&gt;&gt;<i> &gt; config.status: creating dist/setup.py
</I>&gt;&gt;&gt;<i> &gt; config.status: creating dist/Makefile
</I>&gt;&gt;&gt;<i> &gt;
</I>&gt;&gt;&gt;<i> &gt;
</I>&gt;&gt;&gt;<i> &gt;
</I>&gt;&gt;&gt;<i> &gt;
</I>&gt;&gt;&gt;<i> &gt; What could cause the make problem?
</I>&gt;&gt;&gt;<i>
</I>&gt;&gt;&gt;<i> What problem? The bit about your blood pressure being a bit too high,
</I>&gt;&gt;&gt;<i> or something else?
</I>&gt;&gt;&gt;<i>
</I>&gt;&gt;&gt;<i> That is only the output from 'configure' and is normal. You haven't
</I>&gt;&gt;&gt;<i> even run 'make' yet.
</I>&gt;&gt;&gt;<i>
</I>&gt;&gt;&gt;<i> Graham
</I>&gt;&gt;<i>
</I>&gt;<i>
</I>&gt;<i>
</I></PRE>


<!--endarticle-->
    <HR>
    <P><UL>
        <!--threads-->
	<LI>Previous message: <A HREF="026186.html">[mod_python] make problem
</A></li>
	<LI>Next message: <A HREF="026188.html">[mod_python] make problem
</A></li>
         <LI> <B>Messages sorted by:</B> 
              <a href="date.html#26187">[ date ]</a>
              <a href="thread.html#26187">[ thread ]</a>
              <a href="subject.html#26187">[ subject ]</a>
              <a href="author.html#26187">[ author ]</a>
         </LI>
       </UL>

</td>
<td align="right" valign="top">
<script type="text/javascript"><!--
google_ad_client = "pub-9718360309690383";
google_ad_width = 120;
google_ad_height = 600;
google_ad_format = "120x600_as";
google_color_border = "CCCCCC";
google_color_bg = "FFFFFF";
google_color_link = "000000";
google_color_url = "666666";
google_color_text = "333333";
//--></script>
<script type="text/javascript"
  src="http://pagead2.googlesyndication.com/pagead/show_ads.js">
</script>
</td>
</table>

<hr>
<a href="http://mailman.modpython.org/mailman/listinfo/mod_python">More information about the Mod_python
mailing list</a><br>
</body></html>
