<!DOCTYPE HTML PUBLIC "-//W3C//DTD HTML 3.2//EN">
<HTML>
 <HEAD>
   <TITLE> [mod_python] test_psp_error, test_import,
	test_psphandler fails - win32
   </TITLE>
   <LINK REL="Index" HREF="index.html" >
   <LINK REL="made" HREF="mailto:mod_python%40modpython.org?Subject=%5Bmod_python%5D%20test_psp_error%2C%20test_import%2C%0A%09test_psphandler%20fails%20-%20win32&In-Reply-To=">
   <META NAME="robots" CONTENT="index,nofollow">
   <META http-equiv="Content-Type" content="text/html; charset=us-ascii">
   <LINK REL="Previous"  HREF="025280.html">
   <LINK REL="Next"  HREF="025282.html">
 </HEAD>
 <BODY BGCOLOR="#ffffff">
   <H1>[mod_python] test_psp_error, test_import,
	test_psphandler fails - win32</H1>
<table border=0 width="100%"><tr><td valign="top">
    <B>SatheeshKumar Mohan</B> 
    <A HREF="mailto:mod_python%40modpython.org?Subject=%5Bmod_python%5D%20test_psp_error%2C%20test_import%2C%0A%09test_psphandler%20fails%20-%20win32&In-Reply-To="
       TITLE="[mod_python] test_psp_error, test_import,
	test_psphandler fails - win32">skumar at spikesource.com
       </A><BR>
    <I>Thu May 15 03:58:59 EDT 2008</I>
    <P><UL>
        <LI>Previous message: <A HREF="025280.html">[mod_python] AttributeError: 'mp_request' object has no attribute
	'ssl_var_lookup'
</A></li>
        <LI>Next message: <A HREF="025282.html">[mod_python] I need Mentor
</A></li>
         <LI> <B>Messages sorted by:</B> 
              <a href="date.html#25281">[ date ]</a>
              <a href="thread.html#25281">[ thread ]</a>
              <a href="subject.html#25281">[ subject ]</a>
              <a href="author.html#25281">[ author ]</a>
         </LI>
       </UL>
    <HR>  
<!--beginarticle-->
<PRE>Hi,
I have mod_python installed and apache server servers mptest.py(that 
says hello world).

Apache:
Server version: Apache/2.2.8 (Win32)
Server built:   Mar 30 2008 23:17:06

Python:
2.5.1

Mod_python:
mod_python-3.3.1

The whole things runs on cygwin.

I have edited testconf.py setting values for
HTTPD
TESTHOME
LIBEXECDIR,
MOD_PYTHON_SO

on running python test.py the following tests are failing.. somebody 
help! whats been wrong. how to solve this. why is it failing. what is 
missing in the installation

* Testing file upload with \r char 
E..............................................F..F.F....................
======================================================================
FAIL: test_import (__main__.PerRequestTestCase)
----------------------------------------------------------------------
Traceback (most recent call last):
  File &quot;test.py&quot;, line 1674, in test_import
    self.fail(`rsp`)
AssertionError: '\n&lt;pre&gt;\nMOD_PYTHON ERROR\n\nProcessId:      
1200\nInterpreter:    \'test_import\'\n\nServerName:     
\'test_import\'\nDocumentRoot:   
\'C:/testcases/mod_python/htdocs\'\n\nURI:            
\'/tests.py\'\nLocation:       None\nDirectory:      
\'C:/testcases/mod_python/htdocs/\'\nFilename:       
\'C:/testcases/mod_python/htdocs/tests.py\'\nPathInfo:       
\'\'\n\nPhase:          \'PythonHandler\'\nHandler:        
\'tests::import_test\'\n\nTraceback (most recent call last):\n\n  File 
&quot;c:\\spikesource\\opt\\spikesource\\share\\python2.5\\Lib\\site-packages\\mod_python\\importer.py&quot;, 
line 1537, in HandlerDispatch\n    default=default_handler, arg=req, 
silent=hlist.silent)\n\n  File 
&quot;c:\\spikesource\\opt\\spikesource\\share\\python2.5\\Lib\\site-packages\\mod_python\\importer.py&quot;, 
line 1229, in _process_target\n    result = _execute_target(config, req, 
object, arg)\n\n  File 
&quot;c:\\spikesource\\opt\\spikesource\\share\\python2.5\\Lib\\site-packages\\mod_python\\importer.py&quot;, 
line 1128, in _execute_target\n    result = object(arg)\n\n  File 
&quot;C:\\testcases\\mod_python\\htdocs\\tests.py&quot;, line 1024, in 
import_test\n    assert(map(os.path.normpath, sys.path).count(directory) 
== 1)\n\nAssertionError\n\n\nMODULE CACHE DETAILS\n\nAccessed:       Wed 
May 14 23:42:12 2008\nGeneration:     
0\n\n_mp_a10d030a5fcc032f01749cad7f316362 {\n  FileName:     
\'C:\\\\testcases\\\\mod_python\\\\htdocs\\\\tests.py\'\n  Instance:     
1 [IMPORT]\n  Generation:   1\n  Modified:     Sun Nov 12 19:04:44 
2006\n  Imported:     Wed May 14 23:42:12 2008\n}\n\n&lt;/pre&gt;\n'

======================================================================
FAIL: test_psphandler (__main__.PerRequestTestCase)
----------------------------------------------------------------------
Traceback (most recent call last):
  File &quot;test.py&quot;, line 1847, in test_psphandler
    self.fail(`rsp`)
AssertionError: '\n&lt;pre&gt;\nMOD_PYTHON ERROR\n\nProcessId:      
1200\nInterpreter:    \'test_psphandler\'\n\nServerName:     
\'test_psphandler\'\nDocumentRoot:   
\'C:/testcases/mod_python/htdocs\'\n\nURI:            
\'/psptest.psp\'\nLocation:       None\nDirectory:      
\'C:/testcases/mod_python/htdocs/\'\nFilename:       
\'C:/testcases/mod_python/htdocs/psptest.psp\'\nPathInfo:       
\'\'\n\nPhase:          \'PythonHandler\'\nHandler:        
\'mod_python.psp\'\n\nTraceback (most recent call last):\n\n  File 
&quot;c:\\spikesource\\opt\\spikesource\\share\\python2.5\\Lib\\site-packages\\mod_python\\importer.py&quot;, 
line 1537, in HandlerDispatch\n    default=default_handler, arg=req, 
silent=hlist.silent)\n\n  File 
&quot;c:\\spikesource\\opt\\spikesource\\share\\python2.5\\Lib\\site-packages\\mod_python\\importer.py&quot;, 
line 1202, in _process_target\n    module = import_module(module_name, 
path=path)\n\n  File 
&quot;c:\\spikesource\\opt\\spikesource\\share\\python2.5\\Lib\\site-packages\\mod_python\\importer.py&quot;, 
line 304, in import_module\n    return __import__(module_name, {}, {}, 
[\'*\'])\n\n  File 
&quot;c:\\spikesource\\opt\\spikesource\\share\\python2.5\\Lib\\site-packages\\mod_python\\psp.py&quot;, 
line 21, in &amp;lt;module&amp;gt;\n    import apache, Session, util, 
_psp\n\nImportError: No module named _psp\n\n&lt;/pre&gt;\n'

======================================================================
FAIL: test_psp_error (__main__.PerRequestTestCase)
----------------------------------------------------------------------
Traceback (most recent call last):
  File &quot;test.py&quot;, line 1915, in test_psp_error
    self.fail(`rsp`)
AssertionError: '\n&lt;pre&gt;\nMOD_PYTHON ERROR\n\nProcessId:      
1200\nInterpreter:    \'test_psp_error\'\n\nServerName:     
\'test_psp_error\'\nDocumentRoot:   
\'C:/testcases/mod_python/htdocs\'\n\nURI:            
\'/psptest_main.psp\'\nLocation:       NoneThe Apache2.2 service is 
stopping.
The Apache2.2 service has stopped.
in a line at position == readBlockSize
    --&gt; Send + process + receive took 0.000 s
  * Skipping the test for The UNIX-HATERS handbook file upload.
    To make this test, you need to download ugh.pdf from
    <A HREF="http://research.microsoft.com/~daniel/uhh-download.html">http://research.microsoft.com/~daniel/uhh-download.html</A>
    into this script's directory.

  * Testing file upload where length of last line == readBlockSize - 1
    --&gt; Send + process + receive took 0.016 s
  * Testing file upload where length of last line == readBlockSize - 1 
with an extra \r
    --&gt; Send + process + receive took 0.000 s

  * Testing sys.argv definition

-- 
/skumar

</PRE>


<!--endarticle-->
    <HR>
    <P><UL>
        <!--threads-->
	<LI>Previous message: <A HREF="025280.html">[mod_python] AttributeError: 'mp_request' object has no attribute
	'ssl_var_lookup'
</A></li>
	<LI>Next message: <A HREF="025282.html">[mod_python] I need Mentor
</A></li>
         <LI> <B>Messages sorted by:</B> 
              <a href="date.html#25281">[ date ]</a>
              <a href="thread.html#25281">[ thread ]</a>
              <a href="subject.html#25281">[ subject ]</a>
              <a href="author.html#25281">[ author ]</a>
         </LI>
       </UL>

</td>
<td align="right" valign="top">
<script>
  (function(i,s,o,g,r,a,m){i['GoogleAnalyticsObject']=r;i[r]=i[r]||function(){
  (i[r].q=i[r].q||[]).push(arguments)},i[r].l=1*new Date();a=s.createElement(o),
  m=s.getElementsByTagName(o)[0];a.async=1;a.src=g;m.parentNode.insertBefore(a,m)
  })(window,document,'script','//www.google-analytics.com/analytics.js','ga');
  ga('create', 'UA-42971867-2', 'modpython.org');
  ga('send', 'pageview');
</script>

</td>
</table>

<hr>
<a href="http://mailman.modpython.org/mailman/listinfo/mod_python">More information about the Mod_python
mailing list</a><br>
</body></html>
