<!DOCTYPE HTML PUBLIC "-//W3C//DTD HTML 3.2//EN">
<HTML>
 <HEAD>
   <TITLE> [mod_python] Running mod_python tests
   </TITLE>
   <LINK REL="Index" HREF="index.html" >
   <LINK REL="made" HREF="mailto:mod_python%40modpython.org?Subject=%5Bmod_python%5D%20Running%20mod_python%20tests&In-Reply-To=">
   <META NAME="robots" CONTENT="index,nofollow">
   <META http-equiv="Content-Type" content="text/html; charset=us-ascii">
   <LINK REL="Previous"  HREF="024319.html">
   <LINK REL="Next"  HREF="024307.html">
 </HEAD>
 <BODY BGCOLOR="#ffffff">
   <H1>[mod_python] Running mod_python tests</H1>
<table border=0 width="100%"><tr><td valign="top">
    <B>Dorneles Trem&#233;a</B> 
    <A HREF="mailto:mod_python%40modpython.org?Subject=%5Bmod_python%5D%20Running%20mod_python%20tests&In-Reply-To="
       TITLE="[mod_python] Running mod_python tests">dorneles at x3ng.com.br
       </A><BR>
    <I>Mon Oct  8 18:33:50 EDT 2007</I>
    <P><UL>
        <LI>Previous message: <A HREF="024319.html">[mod_python] Which handler? (WebDav AA system)
</A></li>
        <LI>Next message: <A HREF="024307.html">[mod_python] Running mod_python tests
</A></li>
         <LI> <B>Messages sorted by:</B> 
              <a href="date.html#24306">[ date ]</a>
              <a href="thread.html#24306">[ thread ]</a>
              <a href="subject.html#24306">[ subject ]</a>
              <a href="author.html#24306">[ author ]</a>
         </LI>
       </UL>
    <HR>  
<!--beginarticle-->
<PRE>Hello folks,

I'm trying to run the mod_python tests but I hit a few problems,
specifically I got one error and three failing tests.

1) My environment:

Ubuntu Gutsy
Python 2.5.1
Apache 2.2.4

2) What I did:

sudo apt-get install apache2 apache2-dev
cd /tmp
wget
<A HREF="http://mirrors.uol.com.br/pub/apache/httpd/modpython/mod_python-3.3.1.tgz">http://mirrors.uol.com.br/pub/apache/httpd/modpython/mod_python-3.3.1.tgz</A>
tar zxf mod_python-3.3.1.tgz
cd mod_python-3.3.1; ./configure; make
cd /usr/lib/python2.5/site-packages
sudo ln -s /tmp/mod_python-3.3.1/lib/python/mod_python
cd -
python test/test.py

3) The tests results:

======================================================================
FAIL: test_psphandler (__main__.PerRequestTestCase)
----------------------------------------------------------------------
Traceback (most recent call last):
  File &quot;test/test.py&quot;, line 1847, in test_psphandler
    self.fail(`rsp`)
AssertionError: '\n&lt;pre&gt;\nMOD_PYTHON ERROR\n\nProcessId:
21114\nInterpreter:    \'test_psphandler\'\n\nServerName:
\'test_psphandler\'\nDocumentRoot:
\'/home/dorneles/src/mod_python-3.3.1/test/htdocs\'\n\nURI:
 \'/psptest.psp\'\nLocation:       None\nDirectory:
\'/home/dorneles/src/mod_python-3.3.1/test/htdocs/\'\nFilename:
\'/home/dorneles/src/mod_python-3.3.1/test/htdocs/psptest.psp\'\nPathInfo:
      \'\'\n\nPhase:          \'PythonHandler\'\nHandler:
\'mod_python.psp\'\n\nTraceback (most recent call last):\n\n  File
&quot;/usr/lib/python2.5/site-packages/mod_python/importer.py&quot;, line 1537,
in HandlerDispatch\n    default=default_handler, arg=req,
silent=hlist.silent)\n\n  File
&quot;/usr/lib/python2.5/site-packages/mod_python/importer.py&quot;, line 1202,
in _process_target\n    module = import_module(module_name,
path=path)\n\n  File
&quot;/usr/lib/python2.5/site-packages/mod_python/importer.py&quot;, line 304,
in import_module\n    return __import__(module_name, {}, {},
[\'*\'])\n\n  File
&quot;/usr/lib/python2.5/site-packages/mod_python/psp.py&quot;, line 21, in
&amp;lt;module&amp;gt;\n    import apache, Session, util, _psp\n\nImportError:
No module named _psp\n\n&lt;/pre&gt;\n'

======================================================================
FAIL: test_psp_error (__main__.PerRequestTestCase)
----------------------------------------------------------------------
Traceback (most recent call last):
  File &quot;test/test.py&quot;, line 1915, in test_psp_error
    self.fail(`rsp`)
AssertionError: '\n&lt;pre&gt;\nMOD_PYTHON ERROR\n\nProcessId:
21114\nInterpreter:    \'test_psp_error\'\n\nServerName:
\'test_psp_error\'\nDocumentRoot:
\'/home/dorneles/src/mod_python-3.3.1/test/htdocs\'\n\nURI:
 \'/psptest_main.psp\'\nLocation:       None\nDirectory:
\'/home/dorneles/src/mod_python-3.3.1/test/htdocs/\'\nFilename:
\'/home/dorneles/src/mod_python-3.3.1/test/htdocs/psptest_main.psp\'\nPathInfo:
      \'\'\n\nPhase:          \'PythonHandler\'\nHandler:
\'mod_python.psp\'\n\nTraceback (most recent call last):\n\n  File
&quot;/usr/lib/python2.5/site-packages/mod_python/importer.py&quot;, line 1537,
in HandlerDispatch\n    default=default_handler, arg=req,
silent=hlist.silent)\n\n  File
&quot;/usr/lib/python2.5/site-packages/mod_python/importer.py&quot;, line 1202,
in _process_target\n    module = import_module(module_name,
path=path)\n\n  File
&quot;/usr/lib/python2.5/site-packages/mod_python/importer.py&quot;, line 304,
in import_module\n    return __import__(module_name, {}, {},
[\'*\'])\n\n  File
&quot;/usr/lib/python2.5/site-packages/mod_python/psp.py&quot;, line 21, in
&amp;lt;module&amp;gt;\n    import apache, Session, util, _psp\n\nImportError:
No module named _psp\n\n&lt;/pre&gt;\n'

======================================================================
ERROR: test_apache_exists_config_define (__main__.PerInstanceTestCase)
----------------------------------------------------------------------
Traceback (most recent call last):
  File &quot;test/test.py&quot;, line 2794, in test_apache_exists_config_define
    f = urllib.urlopen(&quot;<A HREF="http://127.0.0.1:%s/tests.py&quot;">http://127.0.0.1:%s/tests.py&quot;</A> % PORT)
  File &quot;urllib.py&quot;, line 82, in urlopen
    return opener.open(url)
  File &quot;urllib.py&quot;, line 190, in open
    return getattr(self, name)(url)
  File &quot;urllib.py&quot;, line 325, in open_http
    h.endheaders()
  File &quot;httplib.py&quot;, line 856, in endheaders
    self._send_output()
  File &quot;httplib.py&quot;, line 728, in _send_output
    self.send(msg)
  File &quot;httplib.py&quot;, line 695, in send
    self.connect()
  File &quot;httplib.py&quot;, line 679, in connect
    raise socket.error, msg
IOError: [Errno socket error] (111, 'Connection refused')

======================================================================
FAIL: testPerRequestTests (__main__.PerInstanceTestCase)
----------------------------------------------------------------------
Traceback (most recent call last):
  File &quot;test/test.py&quot;, line 2710, in testPerRequestTests
    self.failUnless(result.wasSuccessful())
AssertionError

4) Questions

a) Can someone confirm that some tests are really failing and/or
that the problem is with my environment?

b) Is there a way to run the tests without the need to add (or link)
the mod_python package to Python site-packages directory?

Any help is very welcome... :-)

-- 

Dorneles Trem&#233;a
X3ng Web Technology
<A HREF="http://nosleepforyou.blogspot.com">http://nosleepforyou.blogspot.com</A>

</PRE>





<!--endarticle-->
    <HR>
    <P><UL>
        <!--threads-->
	<LI>Previous message: <A HREF="024319.html">[mod_python] Which handler? (WebDav AA system)
</A></li>
	<LI>Next message: <A HREF="024307.html">[mod_python] Running mod_python tests
</A></li>
         <LI> <B>Messages sorted by:</B> 
              <a href="date.html#24306">[ date ]</a>
              <a href="thread.html#24306">[ thread ]</a>
              <a href="subject.html#24306">[ subject ]</a>
              <a href="author.html#24306">[ author ]</a>
         </LI>
       </UL>

</td>
<td align="right" valign="top">
<script type="text/javascript"><!--
google_ad_client = "pub-9718360309690383";
google_ad_width = 120;
google_ad_height = 600;
google_ad_format = "120x600_as";
google_color_border = "CCCCCC";
google_color_bg = "FFFFFF";
google_color_link = "000000";
google_color_url = "666666";
google_color_text = "333333";
//--></script>
<script type="text/javascript"
  src="http://pagead2.googlesyndication.com/pagead/show_ads.js">
</script>
</td>
</table>

<hr>
<a href="http://mailman.modpython.org/mailman/listinfo/mod_python">More information about the Mod_python
mailing list</a><br>
</body></html>
